<?xml version="1.0" encoding="UTF-8"?>
<!-- Generated by org.testng.reporters.JUnitReportReporter -->
<testsuite skipped="0" hostname="DESKTOP-M86QTUH" name="com.crm.qa.base.TestBase" tests="1" failures="0" timestamp="2019-09-03T20:34:49 IST" time="0.018" errors="0">
  <testcase name="newTest1" time="0.018" classname="com.crm.qa.base.TestBase"/>
</testsuite> <!-- com.crm.qa.base.TestBase -->
